<?xml version="1.0" encoding="UTF-8"?>
<!-- Generated by org.testng.reporters.JUnitReportReporter -->
<testsuite hostname="pankaj-admin" failures="0" tests="1" name="com.mavenforjenkins1.Sample" time="56.391" errors="0" timestamp="2024-08-24T23:25:32 IST" skipped="0">
  <testcase classname="com.mavenforjenkins1.Sample" name="startTesting" time="56.391"/>
  <system-out/>
</testsuite> <!-- com.mavenforjenkins1.Sample -->
